2025-11-24 11:48:48 DEBUG Main:16 - This is debug : ☕
2025-11-24 11:48:48 INFO  Main:19 - This is info : ☕
2025-11-24 11:48:48 WARN  Main:21 - This is warn : ☕
2025-11-24 11:48:48 ERROR Main:22 - This is error : ☕
2025-11-24 11:48:48 FATAL Main:23 - This is fatal : ☕
2025-11-24 11:49:08 DEBUG Main:16 - This is debug : ☕
2025-11-24 11:49:08 INFO  Main:19 - This is info : ☕
2025-11-24 11:49:08 WARN  Main:21 - This is warn : ☕
2025-11-24 11:49:08 ERROR Main:22 - This is error : ☕
2025-11-24 11:49:08 FATAL Main:23 - This is fatal : ☕
2025-11-24 11:50:14 DEBUG Main:16 - This is debug : ☕
2025-11-24 11:50:14 INFO  Main:19 - This is info : ☕
2025-11-24 11:50:14 WARN  Main:21 - This is warn : ☕
2025-11-24 11:50:14 ERROR Main:22 - This is error : ☕
2025-11-24 11:50:14 FATAL Main:23 - This is fatal : ☕
2025-11-24 11:52:43 DEBUG Main:16 - This is debug : ☕
2025-11-24 11:52:43 INFO  Main:19 - This is info : ☕
2025-11-24 11:52:43 WARN  Main:21 - This is warn : ☕
2025-11-24 11:52:43 ERROR Main:22 - This is error : ☕
2025-11-24 11:52:43 FATAL Main:23 - This is fatal : ☕
